[LOG] System::create                           : Header version = 1.10.07. Current version = 1.10.07.
[LOG] SystemI::setOutputInternal               : Setting output to 'FMOD WASAPI Output'
[LOG] Manager::init                            : maxchannels = 1024 studioflags = 00000009 flags 00000000 extradriverdata 0000000000000000.
[LOG] SystemI::init                            : Initialize version=11007 (95892), maxchannels=1024, flags=0x00030000
[LOG] OutputWASAPI::init                       : Mix Format (WAVEFORMATEX): wFormatTag=0xFFFE, nChannels=2, nSamplesPerSec=48000, nAvgBytesPerSec=384000, nBlockAlign=8, wBitsPerSample=32, cbSize=22.
[LOG] OutputWASAPI::init                       : Mix Format (WAVEFORMATEXTENSIBLE): wValidBitsPerSample=32, dwChannelMask=0x00000003, SubFormat=00000003-0000-0010-8000-00AA00389B71.
[LOG] OutputWASAPI::init                       : Output buffer size: 4096 samples, latency: 0.00ms, period: 10.00ms, DSP buffer: 1024 * 4
[LOG] Thread::initThread                       : Init FMOD stream thread. Priority: 2, Stack Size: 65536, Semaphore: No, Sleep Time: 10, Looping: Yes.
[LOG] SystemI::DSPCodecPoolRegister            : register codec pool for pool type 5
[LOG] Thread::initThread                       : Init FMOD mixer thread. Priority: 3, Stack Size: 49152, Semaphore: No, Sleep Time: 0, Looping: Yes.
[LOG] AsyncManager::init                       : manager 000001F62BB3B628 isAsync 1 updatePeriod 0.02
[LOG] Thread::initThread                       : Init FMOD Studio update thread. Priority: 0, Stack Size: 65536, Semaphore: No, Sleep Time: 1, Looping: No.
[LOG] AsyncManager::init                       : done
[LOG] PlaybackSystem::init                     : 
[LOG] Thread::initThread                       : Init FMOD Studio sample load thread. Priority: 0, Stack Size: 65536, Semaphore: No, Sleep Time: 1, Looping: No.
[LOG] PlaybackSystem::init                     : done
[LOG] LiveUpdate::init                         : 
[LOG] Thread::initThread                       : Init FMOD Studio bank load thread. Priority: 0, Stack Size: 65536, Semaphore: No, Sleep Time: 1, Looping: No.
[LOG] Manager::init                            : done.
[LOG] Profile::init                            : Profiler listening on port: 9264
[LOG] Manager::readBank                        : fileversion = 100, compatVersion = 99 (oldest = 44, newest = 100)
[LOG] Manager::readBank                        : fileversion = 100, compatVersion = 99 (oldest = 44, newest = 100)
[LOG] PlaybackSystem::acquireMasterBus         : Setting master channel group format to 6
[LOG] SystemI::createSoundInternal             : Create name='', mode=0x02000202
[LOG] SystemI::createSoundInternal             : exinfo->cbsize             = 232
[LOG] SystemI::createSoundInternal             : exinfo->length             = 155072
[LOG] SystemI::createSoundInternal             : exinfo->fileoffset         = 27296
[LOG] SystemI::createSoundInternal             : exinfo->numsubsounds       = 1
[LOG] SystemI::createSoundInternal             : exinfo->inclusionlist      = 0000006D9CE4F25C
[LOG] SystemI::createSoundInternal             : exinfo->inclusionlistnum   = 1
[LOG] SystemI::createSoundInternal             : exinfo->suggestedsoundtype = 5
[LOG] SystemI::createSoundInternal             : exinfo->useropen           = 00007FFC36A0D9C0
[LOG] SystemI::createSoundInternal             : exinfo->userclose          = 00007FFC36A0D990
[LOG] SystemI::createSoundInternal             : exinfo->userread           = 00007FFC36A0DA90
[LOG] SystemI::createSoundInternal             : exinfo->userseek           = 00007FFC36A0DB50
[LOG] SystemI::createSoundInternal             : exinfo->fileuserdata       = 000001F62C3FF708
[LOG] SystemI::createSoundInternal             : exinfo->initialseekpostype = 1
[LOG] SystemI::DSPCodecPoolRegister            : register codec pool for pool type 5
[LOG] SystemI::createSoundInternal             : Sample 0/1: name='turret shot_1', format=2, channels=2, frequency=48000, lengthbytes=6592, lengthpcm=35665, pcmblocksize=0, loopstart=0, loopend=0, mode=0x00000000, channelmask=0x00000000, channelorder=0, peakvolume=0.611145.
[LOG] SystemI::createSoundInternal             : Create name='', mode=0x02000202
[LOG] SystemI::createSoundInternal             : exinfo->cbsize             = 232
[LOG] SystemI::createSoundInternal             : exinfo->length             = 155072
[LOG] SystemI::createSoundInternal             : exinfo->fileoffset         = 27296
[LOG] SystemI::createSoundInternal             : exinfo->numsubsounds       = 1
[LOG] SystemI::createSoundInternal             : exinfo->inclusionlist      = 0000006D9CE4F25C
[LOG] SystemI::createSoundInternal             : exinfo->inclusionlistnum   = 1
[LOG] SystemI::createSoundInternal             : exinfo->suggestedsoundtype = 5
[LOG] SystemI::createSoundInternal             : exinfo->useropen           = 00007FFC36A0D9C0
[LOG] SystemI::createSoundInternal             : exinfo->userclose          = 00007FFC36A0D990
[LOG] SystemI::createSoundInternal             : exinfo->userread           = 00007FFC36A0DA90
[LOG] SystemI::createSoundInternal             : exinfo->userseek           = 00007FFC36A0DB50
[LOG] SystemI::createSoundInternal             : exinfo->fileuserdata       = 000001F62C3FF708
[LOG] SystemI::createSoundInternal             : exinfo->initialseekpostype = 1
[LOG] SystemI::DSPCodecPoolRegister            : register codec pool for pool type 5
[LOG] SystemI::createSoundInternal             : Sample 0/1: name='turret hit_1', format=2, channels=2, frequency=48000, lengthbytes=2720, lengthpcm=35665, pcmblocksize=0, loopstart=0, loopend=0, mode=0x00000000, channelmask=0x00000000, channelorder=0, peakvolume=0.805298.
[LOG] SystemI::createSoundInternal             : Create name='', mode=0x02000202
[LOG] SystemI::createSoundInternal             : exinfo->cbsize             = 232
[LOG] SystemI::createSoundInternal             : exinfo->length             = 155072
[LOG] SystemI::createSoundInternal             : exinfo->fileoffset         = 27296
[LOG] SystemI::createSoundInternal             : exinfo->numsubsounds       = 1
[LOG] SystemI::createSoundInternal             : exinfo->inclusionlist      = 0000006D9CE4F25C
[LOG] SystemI::createSoundInternal             : exinfo->inclusionlistnum   = 1
[LOG] SystemI::createSoundInternal             : exinfo->suggestedsoundtype = 5
[LOG] SystemI::createSoundInternal             : exinfo->useropen           = 00007FFC36A0D9C0
[LOG] SystemI::createSoundInternal             : exinfo->userclose          = 00007FFC36A0D990
[LOG] SystemI::createSoundInternal             : exinfo->userread           = 00007FFC36A0DA90
[LOG] SystemI::createSoundInternal             : exinfo->userseek           = 00007FFC36A0DB50
[LOG] SystemI::createSoundInternal             : exinfo->fileuserdata       = 000001F62C3ECB68
[LOG] SystemI::createSoundInternal             : exinfo->initialseekpostype = 1
[LOG] SystemI::DSPCodecPoolRegister            : register codec pool for pool type 5
[LOG] SystemI::createSoundInternal             : Sample 0/1: name='Pipe drop tool wrench_BLASTWAVEFX_12556', format=2, channels=2, frequency=48000, lengthbytes=9024, lengthpcm=36486, pcmblocksize=0, loopstart=0, loopend=0, mode=0x00000000, channelmask=0x00000000, channelorder=0, peakvolume=0.517609.
[LOG] SystemI::createSoundInternal             : Create name='', mode=0x02000202
[LOG] SystemI::createSoundInternal             : exinfo->cbsize             = 232
[LOG] SystemI::createSoundInternal             : exinfo->length             = 155072
[LOG] SystemI::createSoundInternal             : exinfo->fileoffset         = 27296
[LOG] SystemI::createSoundInternal             : exinfo->numsubsounds       = 1
[LOG] SystemI::createSoundInternal             : exinfo->inclusionlist      = 0000006D9CE4F25C
[LOG] SystemI::createSoundInternal             : exinfo->inclusionlistnum   = 1
[LOG] SystemI::createSoundInternal             : exinfo->suggestedsoundtype = 5
[LOG] SystemI::createSoundInternal             : exinfo->useropen           = 00007FFC36A0D9C0
[LOG] SystemI::createSoundInternal             : exinfo->userclose          = 00007FFC36A0D990
[LOG] SystemI::createSoundInternal             : exinfo->userread           = 00007FFC36A0DA90
[LOG] SystemI::createSoundInternal             : exinfo->userseek           = 00007FFC36A0DB50
[LOG] SystemI::createSoundInternal             : exinfo->fileuserdata       = 000001F62C3ECB68
[LOG] SystemI::createSoundInternal             : exinfo->initialseekpostype = 1
[LOG] SystemI::DSPCodecPoolRegister            : register codec pool for pool type 5
[LOG] SystemI::createSoundInternal             : Sample 0/1: name='drill_auto_air_wrench_05', format=2, channels=1, frequency=48000, lengthbytes=12160, lengthpcm=69684, pcmblocksize=0, loopstart=0, loopend=0, mode=0x00000000, channelmask=0x00000000, channelorder=0, peakvolume=0.434046.
[LOG] SystemI::createSoundInternal             : Create name='', mode=0x02000202
[LOG] SystemI::createSoundInternal             : exinfo->cbsize             = 232
[LOG] SystemI::createSoundInternal             : exinfo->length             = 155072
[LOG] SystemI::createSoundInternal             : exinfo->fileoffset         = 27296
[LOG] SystemI::createSoundInternal             : exinfo->numsubsounds       = 1
[LOG] SystemI::createSoundInternal             : exinfo->inclusionlist      = 0000006D9CE4F25C
[LOG] SystemI::createSoundInternal             : exinfo->inclusionlistnum   = 1
[LOG] SystemI::createSoundInternal             : exinfo->suggestedsoundtype = 5
[LOG] SystemI::createSoundInternal             : exinfo->useropen           = 00007FFC36A0D9C0
[LOG] SystemI::createSoundInternal             : exinfo->userclose          = 00007FFC36A0D990
[LOG] SystemI::createSoundInternal             : exinfo->userread           = 00007FFC36A0DA90
[LOG] SystemI::createSoundInternal             : exinfo->userseek           = 00007FFC36A0DB50
[LOG] SystemI::createSoundInternal             : exinfo->fileuserdata       = 000001F62C3ECB68
[LOG] SystemI::createSoundInternal             : exinfo->initialseekpostype = 1
[LOG] SystemI::DSPCodecPoolRegister            : register codec pool for pool type 5
[LOG] SystemI::createSoundInternal             : Sample 0/1: name='IMPACT METAL SHEET THICK HAMMER STRIKE 01', format=2, channels=2, frequency=48000, lengthbytes=9440, lengthpcm=54847, pcmblocksize=0, loopstart=0, loopend=0, mode=0x00000000, channelmask=0x00000000, channelorder=0, peakvolume=0.938690.
[LOG] SystemI::createSoundInternal             : Create name='', mode=0x02000202
[LOG] SystemI::createSoundInternal             : exinfo->cbsize             = 232
[LOG] SystemI::createSoundInternal             : exinfo->length             = 155072
[LOG] SystemI::createSoundInternal             : exinfo->fileoffset         = 27296
[LOG] SystemI::createSoundInternal             : exinfo->numsubsounds       = 1
[LOG] SystemI::createSoundInternal             : exinfo->inclusionlist      = 0000006D9CE4F25C
[LOG] SystemI::createSoundInternal             : exinfo->inclusionlistnum   = 1
[LOG] SystemI::createSoundInternal             : exinfo->suggestedsoundtype = 5
[LOG] SystemI::createSoundInternal             : exinfo->useropen           = 00007FFC36A0D9C0
[LOG] SystemI::createSoundInternal             : exinfo->userclose          = 00007FFC36A0D990
[LOG] SystemI::createSoundInternal             : exinfo->userread           = 00007FFC36A0DA90
[LOG] SystemI::createSoundInternal             : exinfo->userseek           = 00007FFC36A0DB50
[LOG] SystemI::createSoundInternal             : exinfo->fileuserdata       = 000001F62C3ECB68
[LOG] SystemI::createSoundInternal             : exinfo->initialseekpostype = 1
[LOG] SystemI::DSPCodecPoolRegister            : register codec pool for pool type 5
[LOG] SystemI::createSoundInternal             : Sample 0/1: name='whir', format=2, channels=2, frequency=48000, lengthbytes=7040, lengthpcm=33400, pcmblocksize=0, loopstart=0, loopend=0, mode=0x00000000, channelmask=0x00000000, channelorder=0, peakvolume=0.215759.
[LOG] SoundI::release                          :  (000001F64E61AE38)
[LOG] SoundI::release                          :     turret hit_1 (000001F64E9C5DB8)
[LOG] SoundI::release                          :  (000001F64E619A18)
[LOG] SoundI::release                          :     turret shot_1 (000001F64E9C8318)
[LOG] SoundI::release                          :  (000001F64E616EF8)
[LOG] SoundI::release                          :     drill_auto_air_wrench_05 (000001F64E9C84B8)
[LOG] SoundI::release                          :  (000001F64E615C48)
[LOG] SoundI::release                          :     IMPACT METAL SHEET THICK HAMMER STRIKE 01 (000001F64E9C72D8)
[LOG] SoundI::release                          :  (000001F64E614C78)
[LOG] SoundI::release                          :     Pipe drop tool wrench_BLASTWAVEFX_12556 (000001F64E9C5C18)
[LOG] SoundI::release                          :  (000001F64E617348)
[LOG] SoundI::release                          :     whir (000001F64E9C7E38)
[LOG] Thread::callback                         : FMOD Studio update thread finished.
[LOG] Thread::callback                         : FMOD Studio bank load thread finished.
[LOG] Profile::disconnectAll                   : Profiler disconnecting all clients
[LOG] Thread::callback                         : FMOD Studio sample load thread finished.
[LOG] LiveUpdate::release                      : 
[LOG] LiveUpdate::reset                        : Reset connection (reason Disconnected)
[LOG] Thread::callback                         : FMOD stream thread finished.
[LOG] Thread::callback                         : FMOD mixer thread finished.
[LOG] Profile::disconnectAll                   : Profiler disconnecting all clients
[LOG] SystemI::close                           : Closed.
