[LOG] System::create                           : Header version = 1.10.07. Current version = 1.10.07.
[LOG] Manager::init                            : maxchannels = 256 studioflags = 00000006 flags 00000000 extradriverdata 0000000000000000.
[LOG] SystemI::init                            : Initialize version=11007 (95892), maxchannels=256, flags=0x00020000
[LOG] SystemI::setOutputInternal               : Setting output to 'FMOD WASAPI Output'
[LOG] OutputWASAPI::init                       : Mix Format (WAVEFORMATEX): wFormatTag=0xFFFE, nChannels=2, nSamplesPerSec=48000, nAvgBytesPerSec=384000, nBlockAlign=8, wBitsPerSample=32, cbSize=22.
[LOG] OutputWASAPI::init                       : Mix Format (WAVEFORMATEXTENSIBLE): wValidBitsPerSample=32, dwChannelMask=0x00000003, SubFormat=00000003-0000-0010-8000-00AA00389B71.
[LOG] OutputWASAPI::init                       : Output buffer size: 4096 samples, latency: 0.00ms, period: 10.00ms, DSP buffer: 1024 * 4
[LOG] Thread::initThread                       : Init FMOD stream thread. Priority: 2, Stack Size: 65536, Semaphore: No, Sleep Time: 10, Looping: Yes.
[LOG] Thread::initThread                       : Init FMOD mixer thread. Priority: 3, Stack Size: 49152, Semaphore: No, Sleep Time: 0, Looping: Yes.
<<<<<<< HEAD
[LOG] AsyncManager::init                       : manager 00000299CA659918 isAsync 0 updatePeriod 0.02
=======
[LOG] AsyncManager::init                       : manager 0000027A1A22F938 isAsync 0 updatePeriod 0.02
>>>>>>> develop
[LOG] AsyncManager::init                       : done
[LOG] PlaybackSystem::init                     : 
[LOG] Thread::initThread                       : Init FMOD Studio sample load thread. Priority: 0, Stack Size: 65536, Semaphore: No, Sleep Time: 1, Looping: No.
[LOG] PlaybackSystem::init                     : done
[LOG] Thread::initThread                       : Init FMOD Studio bank load thread. Priority: 0, Stack Size: 65536, Semaphore: No, Sleep Time: 1, Looping: No.
[LOG] Manager::init                            : done.
[LOG] Manager::readBank                        : fileversion = 100, compatVersion = 99 (oldest = 44, newest = 100)
<<<<<<< HEAD
[LOG] SystemI::createSoundInternal             : Create name='', mode=0x02000202
[LOG] SystemI::createSoundInternal             : exinfo->cbsize             = 232
[LOG] SystemI::createSoundInternal             : exinfo->length             = 155072
[LOG] SystemI::createSoundInternal             : exinfo->fileoffset         = 27296
[LOG] SystemI::createSoundInternal             : exinfo->numsubsounds       = 1
[LOG] SystemI::createSoundInternal             : exinfo->inclusionlist      = 000000C6E82AEE0C
[LOG] SystemI::createSoundInternal             : exinfo->inclusionlistnum   = 1
[LOG] SystemI::createSoundInternal             : exinfo->suggestedsoundtype = 5
[LOG] SystemI::createSoundInternal             : exinfo->useropen           = 00007FFA5988D9C0
[LOG] SystemI::createSoundInternal             : exinfo->userclose          = 00007FFA5988D990
[LOG] SystemI::createSoundInternal             : exinfo->userread           = 00007FFA5988DA90
[LOG] SystemI::createSoundInternal             : exinfo->userseek           = 00007FFA5988DB50
[LOG] SystemI::createSoundInternal             : exinfo->fileuserdata       = 00000299C6062678
[LOG] SystemI::createSoundInternal             : exinfo->initialseekpostype = 1
[LOG] SystemI::DSPCodecPoolRegister            : register codec pool for pool type 5
[LOG] SystemI::createSoundInternal             : Sample 0/1: name='Servo Motor M stressed_04', format=2, channels=2, frequency=48000, lengthbytes=5440, lengthpcm=20992, pcmblocksize=0, loopstart=0, loopend=0, mode=0x00000000, channelmask=0x00000000, channelorder=0, peakvolume=0.276156.
[LOG] Manager::readBank                        : fileversion = 100, compatVersion = 99 (oldest = 44, newest = 100)
[LOG] SystemI::createSoundInternal             : Create name='', mode=0x02000202
[LOG] SystemI::createSoundInternal             : exinfo->cbsize             = 232
[LOG] SystemI::createSoundInternal             : exinfo->length             = 155072
[LOG] SystemI::createSoundInternal             : exinfo->fileoffset         = 27296
[LOG] SystemI::createSoundInternal             : exinfo->numsubsounds       = 1
[LOG] SystemI::createSoundInternal             : exinfo->inclusionlist      = 000000C6E82AEE0C
[LOG] SystemI::createSoundInternal             : exinfo->inclusionlistnum   = 1
[LOG] SystemI::createSoundInternal             : exinfo->suggestedsoundtype = 5
[LOG] SystemI::createSoundInternal             : exinfo->useropen           = 00007FFA5988D9C0
[LOG] SystemI::createSoundInternal             : exinfo->userclose          = 00007FFA5988D990
[LOG] SystemI::createSoundInternal             : exinfo->userread           = 00007FFA5988DA90
[LOG] SystemI::createSoundInternal             : exinfo->userseek           = 00007FFA5988DB50
[LOG] SystemI::createSoundInternal             : exinfo->fileuserdata       = 00000299C605FE18
[LOG] SystemI::createSoundInternal             : exinfo->initialseekpostype = 1
[LOG] SystemI::DSPCodecPoolRegister            : register codec pool for pool type 5
[LOG] SystemI::createSoundInternal             : Sample 0/1: name='turret shot_1', format=2, channels=2, frequency=48000, lengthbytes=6592, lengthpcm=35665, pcmblocksize=0, loopstart=0, loopend=0, mode=0x00000000, channelmask=0x00000000, channelorder=0, peakvolume=0.611145.
[LOG] SystemI::createSoundInternal             : Create name='', mode=0x02000202
[LOG] SystemI::createSoundInternal             : exinfo->cbsize             = 232
[LOG] SystemI::createSoundInternal             : exinfo->length             = 155072
[LOG] SystemI::createSoundInternal             : exinfo->fileoffset         = 27296
[LOG] SystemI::createSoundInternal             : exinfo->numsubsounds       = 1
[LOG] SystemI::createSoundInternal             : exinfo->inclusionlist      = 000000C6E82AEE0C
[LOG] SystemI::createSoundInternal             : exinfo->inclusionlistnum   = 1
[LOG] SystemI::createSoundInternal             : exinfo->suggestedsoundtype = 5
[LOG] SystemI::createSoundInternal             : exinfo->useropen           = 00007FFA5988D9C0
[LOG] SystemI::createSoundInternal             : exinfo->userclose          = 00007FFA5988D990
[LOG] SystemI::createSoundInternal             : exinfo->userread           = 00007FFA5988DA90
[LOG] SystemI::createSoundInternal             : exinfo->userseek           = 00007FFA5988DB50
[LOG] SystemI::createSoundInternal             : exinfo->fileuserdata       = 00000299C6501F98
[LOG] SystemI::createSoundInternal             : exinfo->initialseekpostype = 1
[LOG] SystemI::DSPCodecPoolRegister            : register codec pool for pool type 5
[LOG] SystemI::createSoundInternal             : Sample 0/1: name='turret hit_1', format=2, channels=2, frequency=48000, lengthbytes=2720, lengthpcm=35665, pcmblocksize=0, loopstart=0, loopend=0, mode=0x00000000, channelmask=0x00000000, channelorder=0, peakvolume=0.805298.
[LOG] SystemI::createSoundInternal             : Create name='', mode=0x02000202
[LOG] SystemI::createSoundInternal             : exinfo->cbsize             = 232
[LOG] SystemI::createSoundInternal             : exinfo->length             = 155072
[LOG] SystemI::createSoundInternal             : exinfo->fileoffset         = 27296
[LOG] SystemI::createSoundInternal             : exinfo->numsubsounds       = 1
[LOG] SystemI::createSoundInternal             : exinfo->inclusionlist      = 000000C6E82AEE0C
[LOG] SystemI::createSoundInternal             : exinfo->inclusionlistnum   = 1
[LOG] SystemI::createSoundInternal             : exinfo->suggestedsoundtype = 5
[LOG] SystemI::createSoundInternal             : exinfo->useropen           = 00007FFA5988D9C0
[LOG] SystemI::createSoundInternal             : exinfo->userclose          = 00007FFA5988D990
[LOG] SystemI::createSoundInternal             : exinfo->userread           = 00007FFA5988DA90
[LOG] SystemI::createSoundInternal             : exinfo->userseek           = 00007FFA5988DB50
[LOG] SystemI::createSoundInternal             : exinfo->fileuserdata       = 00000299C65012D8
[LOG] SystemI::createSoundInternal             : exinfo->initialseekpostype = 1
[LOG] SystemI::DSPCodecPoolRegister            : register codec pool for pool type 5
[LOG] SystemI::createSoundInternal             : Sample 0/1: name='Wok Top HiVel 6', format=2, channels=1, frequency=48000, lengthbytes=41792, lengthpcm=387600, pcmblocksize=0, loopstart=0, loopend=0, mode=0x00000000, channelmask=0x00000000, channelorder=0, peakvolume=0.547721.
[LOG] SystemI::createSoundInternal             : Create name='', mode=0x02000202
[LOG] SystemI::createSoundInternal             : exinfo->cbsize             = 232
[LOG] SystemI::createSoundInternal             : exinfo->length             = 155072
[LOG] SystemI::createSoundInternal             : exinfo->fileoffset         = 27296
[LOG] SystemI::createSoundInternal             : exinfo->numsubsounds       = 1
[LOG] SystemI::createSoundInternal             : exinfo->inclusionlist      = 000000C6E82AEE0C
[LOG] SystemI::createSoundInternal             : exinfo->inclusionlistnum   = 1
[LOG] SystemI::createSoundInternal             : exinfo->suggestedsoundtype = 5
[LOG] SystemI::createSoundInternal             : exinfo->useropen           = 00007FFA5988D9C0
[LOG] SystemI::createSoundInternal             : exinfo->userclose          = 00007FFA5988D990
[LOG] SystemI::createSoundInternal             : exinfo->userread           = 00007FFA5988DA90
[LOG] SystemI::createSoundInternal             : exinfo->userseek           = 00007FFA5988DB50
[LOG] SystemI::createSoundInternal             : exinfo->fileuserdata       = 00000299C65012D8
[LOG] SystemI::createSoundInternal             : exinfo->initialseekpostype = 1
[LOG] SystemI::DSPCodecPoolRegister            : register codec pool for pool type 5
[LOG] SystemI::createSoundInternal             : Sample 0/1: name='SW001_8-Bit-Games-023_Explosion', format=2, channels=1, frequency=48000, lengthbytes=4320, lengthpcm=14848, pcmblocksize=0, loopstart=0, loopend=0, mode=0x00000000, channelmask=0x00000000, channelorder=0, peakvolume=1.000000.
[LOG] Manager::readBank                        : fileversion = 100, compatVersion = 99 (oldest = 44, newest = 100)
[LOG] SoundI::release                          :  (00000299D4C3BF18)
[LOG] SoundI::release                          :     turret hit_1 (00000299A2626608)
[LOG] SoundI::release                          :  (00000299D4C3C1F8)
[LOG] SoundI::release                          :     Wok Top HiVel 6 (00000299A26267A8)
[LOG] SoundI::release                          :  (00000299D4C3CD78)
[LOG] SoundI::release                          :     SW001_8-Bit-Games-023_Explosion (00000299A2626AE8)
[LOG] SoundI::release                          :  (00000299D4C3BC38)
[LOG] SoundI::release                          :     turret shot_1 (00000299C638ED78)
[LOG] SoundI::release                          :  (00000299D4C3B958)
[LOG] SoundI::release                          :     Servo Motor M stressed_04 (00000299C638DD38)
[LOG] SoundI::release                          :  (00000299D4C3D788)
[LOG] SoundI::release                          :     toy_plastic_cogs_turn.4 (00000299A2626468)
[LOG] Thread::callback                         : FMOD Studio update thread finished.
[LOG] Thread::callback                         : FMOD Studio bank load thread finished.
[LOG] Profile::disconnectAll                   : Profiler disconnecting all clients
=======
[LOG] Manager::readBank                        : fileversion = 100, compatVersion = 99 (oldest = 44, newest = 100)
[LOG] Manager::readBank                        : fileversion = 100, compatVersion = 99 (oldest = 44, newest = 100)
[LOG] Manager::readBank                        : fileversion = 100, compatVersion = 99 (oldest = 44, newest = 100)
[LOG] Manager::readBank                        : fileversion = 100, compatVersion = 99 (oldest = 44, newest = 100)
[LOG] Manager::readBank                        : fileversion = 100, compatVersion = 99 (oldest = 44, newest = 100)
[LOG] PlaybackSystem::acquireMasterBus         : Setting master channel group format to 6
[LOG] Thread::callback                         : FMOD Studio bank load thread finished.
>>>>>>> develop
[LOG] Thread::callback                         : FMOD Studio sample load thread finished.
[LOG] LiveUpdate::release                      : 
[LOG] LiveUpdate::reset                        : Reset connection (reason Disconnected)
[LOG] Thread::callback                         : FMOD stream thread finished.
[LOG] Thread::callback                         : FMOD mixer thread finished.
<<<<<<< HEAD
[LOG] Profile::disconnectAll                   : Profiler disconnecting all clients
[LOG] SystemI::close                           : Closed.
[LOG] Manager::readBank                        : fileversion = 100, compatVersion = 99 (oldest = 44, newest = 100)
[LOG] Manager::readBank                        : fileversion = 100, compatVersion = 99 (oldest = 44, newest = 100)
[LOG] Manager::readBank                        : fileversion = 100, compatVersion = 99 (oldest = 44, newest = 100)
[LOG] PlaybackSystem::acquireMasterBus         : Setting master channel group format to 6
=======
[LOG] SystemI::close                           : Closed.
>>>>>>> develop
